[debug] [2024-09-06T17:51:41.090Z] ----------------------------------------------------------------------
[debug] [2024-09-06T17:51:41.096Z] Command:       C:\Program Files\nodejs\node.exe C:\Users\HACKED\AppData\Roaming\npm\node_modules\firebase-tools\lib\bin\firebase.js init
[debug] [2024-09-06T17:51:41.097Z] CLI Version:   13.16.0
[debug] [2024-09-06T17:51:41.098Z] Platform:      win32
[debug] [2024-09-06T17:51:41.098Z] Node Version:  v20.17.0
[debug] [2024-09-06T17:51:41.098Z] Time:          Fri Sep 06 2024 10:51:41 GMT-0700 (Pacific Daylight Time)
[debug] [2024-09-06T17:51:41.098Z] ----------------------------------------------------------------------
[debug] 
[debug] [2024-09-06T17:51:41.118Z] > command requires scopes: ["email","openid","https://www.googleapis.com/auth/cloudplatformprojects.readonly","https://www.googleapis.com/auth/firebase","https://www.googleapis.com/auth/cloud-platform"]
[debug] [2024-09-06T17:51:41.119Z] > authorizing via signed-in user (amilokz1@gmail.com)
[info] 
     ######## #### ########  ######## ########     ###     ######  ########
     ##        ##  ##     ## ##       ##     ##  ##   ##  ##       ##
     ######    ##  ########  ######   ########  #########  ######  ######
     ##        ##  ##    ##  ##       ##     ## ##     ##       ## ##
     ##       #### ##     ## ######## ########  ##     ##  ######  ########

You're about to initialize a Firebase project in this directory:

  D:\OneDrive\Desktop\smit react project

[info] 
=== Project Setup
[info] 
[info] First, let's associate this project directory with a Firebase project.
[info] You can create multiple project aliases by running firebase use --add, 
[info] but for now we'll just set up a default project.
[info] 
[debug] [2024-09-06T17:55:44.351Z] >>> [apiv2][query] GET https://firebase.googleapis.com/v1beta1/projects pageSize=100
[debug] [2024-09-06T17:55:49.564Z] <<< [apiv2][status] GET https://firebase.googleapis.com/v1beta1/projects 200
[debug] [2024-09-06T17:55:49.565Z] <<< [apiv2][body] GET https://firebase.googleapis.com/v1beta1/projects [omitted]
[info] i  Using project countdown-boardapp (countdown-boardapp) 
[info] 
=== Hosting Setup
[debug] [2024-09-06T17:56:06.307Z] >>> [apiv2][query] GET https://firebase.googleapis.com/v1beta1/projects/countdown-boardapp [none]
[debug] [2024-09-06T17:56:06.859Z] <<< [apiv2][status] GET https://firebase.googleapis.com/v1beta1/projects/countdown-boardapp 200
[debug] [2024-09-06T17:56:06.860Z] <<< [apiv2][body] GET https://firebase.googleapis.com/v1beta1/projects/countdown-boardapp {"projectId":"countdown-boardapp","projectNumber":"108711820788","displayName":"countdown-boardapp","name":"projects/countdown-boardapp","resources":{"hostingSite":"countdown-boardapp"},"state":"ACTIVE","etag":"1_4fb562d8-02c0-479d-acc1-712b6327ac98"}
[info] 
[info] Your public directory is the folder (relative to your project directory) that
[info] will contain Hosting assets to be uploaded with firebase deploy. If you
[info] have a build process for your assets, use your build's output directory.
[info] 
[debug] [2024-09-06T17:57:58.089Z] >>> [apiv2][query] GET https://www.gstatic.com/firebasejs/releases.json [none]
[debug] [2024-09-06T17:57:58.501Z] <<< [apiv2][status] GET https://www.gstatic.com/firebasejs/releases.json 200
[debug] [2024-09-06T17:57:58.501Z] <<< [apiv2][body] GET https://www.gstatic.com/firebasejs/releases.json {"current":{"version":"10.13.1","browserURL":"https://www.gstatic.com/firebasejs/10.13.1/firebase.js","packageURL":"https://www.gstatic.com/firebasejs/10.13.1/firebase.tgz"},"live":{"version":"10.13","browserURL":"https://www.gstatic.com/firebasejs/live/10.13/firebase.js","packageURL":"https://www.gstatic.com/firebasejs/live/10.13/firebase.tgz"},"components":{"analytics":"https://www.gstatic.com/firebasejs/10.13.1/firebase-analytics.js","app":"https://www.gstatic.com/firebasejs/10.13.1/firebase-app.js","app-check":"https://www.gstatic.com/firebasejs/10.13.1/firebase-app-check.js","auth":"https://www.gstatic.com/firebasejs/10.13.1/firebase-auth.js","auth/cordova":"https://www.gstatic.com/firebasejs/10.13.1/firebase-auth/cordova.js","auth/web-extension":"https://www.gstatic.com/firebasejs/10.13.1/firebase-auth/web-extension.js","functions":"https://www.gstatic.com/firebasejs/10.13.1/firebase-functions.js","firestore":"https://www.gstatic.com/firebasejs/10.13.1/firebase-firestore.js","firestore/lite":"https://www.gstatic.com/firebasejs/10.13.1/firebase-firestore/lite.js","installations":"https://www.gstatic.com/firebasejs/10.13.1/firebase-installations.js","storage":"https://www.gstatic.com/firebasejs/10.13.1/firebase-storage.js","performance":"https://www.gstatic.com/firebasejs/10.13.1/firebase-performance.js","remote-config":"https://www.gstatic.com/firebasejs/10.13.1/firebase-remote-config.js","messaging":"https://www.gstatic.com/firebasejs/10.13.1/firebase-messaging.js","messaging/sw":"https://www.gstatic.com/firebasejs/10.13.1/firebase-messaging/sw.js","database":"https://www.gstatic.com/firebasejs/10.13.1/firebase-database.js","vertexai-preview":"https://www.gstatic.com/firebasejs/10.13.1/firebase-vertexai-preview.js","firestore.memory":"https://www.gstatic.com/firebasejs/10.13.1/firebase-firestore.memory.js"}}
[info] +  Wrote root/index.html 
[info] 
[info] i  Didn't detect a .git folder. Assuming D:\OneDrive\Desktop\smit react project is the project root. 
[info] i  Authorizing with GitHub to upload your service account to a GitHub repository's secrets store. 
[info] 
[info] Visit this URL on this device to log in:
[info] https://github.com/login/oauth/authorize?client_id=89cf50f02ac6aaed3484&state=240807473&redirect_uri=http%3A%2F%2Flocalhost%3A9005&scope=read%3Auser%20repo%20public_repo
[info] 
[info] Waiting for authentication...
